{"environment":"development","level":"info","message":"🚀 Sui Analytics Backend Server started","port":"3000","service":"sui-analytics-backend","timestamp":"2025-09-06 19:31:30","type":"startup"}
{"context":"Global Error Handler","error":"TypeError: Cannot read properties of undefined (reading 'info')\n    at C:\\Users\\secon\\Desktop\\suidashboard-cursor\\src\\index.js:62:23\n    at Layer.handle [as handle_request] (C:\\Users\\secon\\Desktop\\suidashboard-cursor\\node_modules\\express\\lib\\router\\layer.js:95:5)\n    at trim_prefix (C:\\Users\\secon\\Desktop\\suidashboard-cursor\\node_modules\\express\\lib\\router\\index.js:328:13)\n    at C:\\Users\\secon\\Desktop\\suidashboard-cursor\\node_modules\\express\\lib\\router\\index.js:286:9\n    at Function.process_params (C:\\Users\\secon\\Desktop\\suidashboard-cursor\\node_modules\\express\\lib\\router\\index.js:346:12)\n    at next (C:\\Users\\secon\\Desktop\\suidashboard-cursor\\node_modules\\express\\lib\\router\\index.js:280:10)\n    at urlencodedParser (C:\\Users\\secon\\Desktop\\suidashboard-cursor\\node_modules\\body-parser\\lib\\types\\urlencoded.js:94:7)\n    at Layer.handle [as handle_request] (C:\\Users\\secon\\Desktop\\suidashboard-cursor\\node_modules\\express\\lib\\router\\layer.js:95:5)\n    at trim_prefix (C:\\Users\\secon\\Desktop\\suidashboard-cursor\\node_modules\\express\\lib\\router\\index.js:328:13)\n    at C:\\Users\\secon\\Desktop\\suidashboard-cursor\\node_modules\\express\\lib\\router\\index.js:286:9","ip":"::1","level":"error","message":"Error in Global Error Handler: Cannot read properties of undefined (reading 'info')","method":"GET","service":"sui-analytics-backend","timestamp":"2025-09-06 19:31:30","url":"/health"}
{"level":"info","message":"🛑 SIGINT received, shutting down gracefully","service":"sui-analytics-backend","timestamp":"2025-09-06 19:32:05","type":"shutdown"}
{"environment":"development","level":"info","message":"🚀 Sui Analytics Backend Server started","port":"3001","service":"sui-analytics-backend","timestamp":"2025-09-06 19:32:33","type":"startup"}
{"context":"Global Error Handler","error":"TypeError: Cannot read properties of undefined (reading 'info')\n    at C:\\Users\\secon\\Desktop\\suidashboard-cursor\\src\\index.js:62:23\n    at Layer.handle [as handle_request] (C:\\Users\\secon\\Desktop\\suidashboard-cursor\\node_modules\\express\\lib\\router\\layer.js:95:5)\n    at trim_prefix (C:\\Users\\secon\\Desktop\\suidashboard-cursor\\node_modules\\express\\lib\\router\\index.js:328:13)\n    at C:\\Users\\secon\\Desktop\\suidashboard-cursor\\node_modules\\express\\lib\\router\\index.js:286:9\n    at Function.process_params (C:\\Users\\secon\\Desktop\\suidashboard-cursor\\node_modules\\express\\lib\\router\\index.js:346:12)\n    at next (C:\\Users\\secon\\Desktop\\suidashboard-cursor\\node_modules\\express\\lib\\router\\index.js:280:10)\n    at urlencodedParser (C:\\Users\\secon\\Desktop\\suidashboard-cursor\\node_modules\\body-parser\\lib\\types\\urlencoded.js:94:7)\n    at Layer.handle [as handle_request] (C:\\Users\\secon\\Desktop\\suidashboard-cursor\\node_modules\\express\\lib\\router\\layer.js:95:5)\n    at trim_prefix (C:\\Users\\secon\\Desktop\\suidashboard-cursor\\node_modules\\express\\lib\\router\\index.js:328:13)\n    at C:\\Users\\secon\\Desktop\\suidashboard-cursor\\node_modules\\express\\lib\\router\\index.js:286:9","ip":"::1","level":"error","message":"Error in Global Error Handler: Cannot read properties of undefined (reading 'info')","method":"GET","service":"sui-analytics-backend","timestamp":"2025-09-06 19:32:35","url":"/health"}
{"level":"info","message":"🛑 SIGINT received, shutting down gracefully","service":"sui-analytics-backend","timestamp":"2025-09-06 19:32:37","type":"shutdown"}
{"environment":"development","level":"info","message":"🚀 Sui Analytics Backend Server started","port":"3001","service":"sui-analytics-backend","timestamp":"2025-09-06 19:33:21","type":"startup"}
{"level":"info","message":"🛑 SIGINT received, shutting down gracefully","service":"sui-analytics-backend","timestamp":"2025-09-06 19:33:22","type":"shutdown"}
{"environment":"development","level":"info","message":"🚀 Sui Analytics Backend Server started","port":"3001","service":"sui-analytics-backend","timestamp":"2025-09-06 19:33:48","type":"startup"}
{"level":"info","message":"🛑 SIGINT received, shutting down gracefully","service":"sui-analytics-backend","timestamp":"2025-09-06 19:33:53","type":"shutdown"}
{"environment":"development","level":"info","message":"🚀 Sui Analytics Backend Server started","port":"3001","service":"sui-analytics-backend","timestamp":"2025-09-06 19:34:00","type":"startup"}
{"ip":"::1","level":"info","message":"GET /health","service":"sui-analytics-backend","timestamp":"2025-09-06 19:34:05","userAgent":"Mozilla/5.0 (Windows NT; Windows NT 10.0; en-US) WindowsPowerShell/5.1.22621.5624"}
{"ip":"::1","level":"info","message":"GET /api/analytics","service":"sui-analytics-backend","timestamp":"2025-09-06 19:34:13","userAgent":"Mozilla/5.0 (Windows NT; Windows NT 10.0; en-US) WindowsPowerShell/5.1.22621.5624"}
{"ip":"::1","level":"info","message":"GET /api/analytics/avg-blob-size?period=24H&size=SMALL","service":"sui-analytics-backend","timestamp":"2025-09-06 19:34:18","userAgent":"Mozilla/5.0 (Windows NT; Windows NT 10.0; en-US) WindowsPowerShell/5.1.22621.5624"}
{"ip":"::1","level":"info","message":"GET /api/analytics/accounts-count?period=7D&size=MEDIUM","service":"sui-analytics-backend","timestamp":"2025-09-06 19:34:27","userAgent":"Mozilla/5.0 (Windows NT; Windows NT 10.0; en-US) WindowsPowerShell/5.1.22621.5624"}
{"ip":"::1","level":"info","message":"GET /api/analytics/blobs-count?period=30D&size=LARGE&widgetPage=DASHBOARD","service":"sui-analytics-backend","timestamp":"2025-09-06 19:34:32","userAgent":"Mozilla/5.0 (Windows NT; Windows NT 10.0; en-US) WindowsPowerShell/5.1.22621.5624"}
{"ip":"::1","level":"info","message":"GET /api/analytics/avg-blob-size?period=INVALID&size=WRONG","service":"sui-analytics-backend","timestamp":"2025-09-06 19:34:42","userAgent":"Mozilla/5.0 (Windows NT; Windows NT 10.0; en-US) WindowsPowerShell/5.1.22621.5624"}
{"ip":"::1","level":"info","message":"GET /api/analytics/avg-blob-size?period=INVALID&size=WRONG","service":"sui-analytics-backend","timestamp":"2025-09-06 19:34:49","userAgent":"Mozilla/5.0 (Windows NT; Windows NT 10.0; en-US) WindowsPowerShell/5.1.22621.5624"}
{"ip":"::1","level":"info","message":"GET /health","service":"sui-analytics-backend","timestamp":"2025-09-06 19:49:47","userAgent":"Mozilla/5.0 (Windows NT; Windows NT 10.0; en-US) WindowsPowerShell/5.1.22621.5624"}
{"ip":"::1","level":"info","message":"GET /health","service":"sui-analytics-backend","timestamp":"2025-09-06 19:49:53"}
{"ip":"::1","level":"info","message":"GET /health","service":"sui-analytics-backend","timestamp":"2025-09-06 19:49:53"}
{"ip":"::1","level":"info","message":"GET /api/analytics","service":"sui-analytics-backend","timestamp":"2025-09-06 19:49:53"}
{"ip":"::1","level":"info","message":"GET /api/analytics/avg-blob-size?period=24H&size=SMALL","service":"sui-analytics-backend","timestamp":"2025-09-06 19:49:53"}
{"ip":"::1","level":"info","message":"GET /api/analytics/accounts-count?period=7D&size=MEDIUM","service":"sui-analytics-backend","timestamp":"2025-09-06 19:49:53"}
{"ip":"::1","level":"info","message":"GET /api/analytics/blobs-count?period=30D&size=LARGE&widgetPage=DASHBOARD","service":"sui-analytics-backend","timestamp":"2025-09-06 19:49:54"}
{"ip":"::1","level":"info","message":"GET /api/analytics/health","service":"sui-analytics-backend","timestamp":"2025-09-06 19:49:54"}
{"ip":"::1","level":"info","message":"GET /api/analytics/avg-blob-size?period=INVALID","service":"sui-analytics-backend","timestamp":"2025-09-06 19:49:54"}
{"ip":"::1","level":"info","message":"GET /api/analytics/accounts-count?size=WRONG","service":"sui-analytics-backend","timestamp":"2025-09-06 19:49:54"}
{"ip":"::1","level":"info","message":"GET /api/analytics/blobs-count?widgetPage=INVALID","service":"sui-analytics-backend","timestamp":"2025-09-06 19:49:54"}
{"level":"info","message":"🛑 SIGINT received, shutting down gracefully","service":"sui-analytics-backend","timestamp":"2025-09-06 19:50:04","type":"shutdown"}
{"environment":"development","level":"info","message":"🚀 Sui Analytics Backend Server started","port":"3001","service":"sui-analytics-backend","timestamp":"2025-09-06 19:58:46","type":"startup"}
{"ip":"::1","level":"info","message":"GET /health","service":"sui-analytics-backend","timestamp":"2025-09-06 19:58:46","userAgent":"Mozilla/5.0 (Windows NT; Windows NT 10.0; en-US) WindowsPowerShell/5.1.22621.5624"}
{"ip":"::1","level":"info","message":"GET /health","service":"sui-analytics-backend","timestamp":"2025-09-06 19:58:50","userAgent":"Mozilla/5.0 (Windows NT; Windows NT 10.0; en-US) WindowsPowerShell/5.1.22621.5624"}
{"ip":"::1","level":"info","message":"GET /api/analytics/avg-blob-size?period=24H&size=SMALL","service":"sui-analytics-backend","timestamp":"2025-09-06 19:58:56","userAgent":"Mozilla/5.0 (Windows NT; Windows NT 10.0; en-US) WindowsPowerShell/5.1.22621.5624"}
{"ip":"::1","level":"info","message":"GET /health","service":"sui-analytics-backend","timestamp":"2025-09-06 19:59:03"}
{"ip":"::1","level":"info","message":"GET /health","service":"sui-analytics-backend","timestamp":"2025-09-06 19:59:03"}
{"ip":"::1","level":"info","message":"GET /api/analytics","service":"sui-analytics-backend","timestamp":"2025-09-06 19:59:03"}
{"ip":"::1","level":"info","message":"GET /api/analytics/avg-blob-size?period=24H&size=SMALL","service":"sui-analytics-backend","timestamp":"2025-09-06 19:59:03"}
{"ip":"::1","level":"info","message":"GET /api/analytics/accounts-count?period=7D&size=MEDIUM","service":"sui-analytics-backend","timestamp":"2025-09-06 19:59:03"}
{"ip":"::1","level":"info","message":"GET /api/analytics/blobs-count?period=30D&size=LARGE&widgetPage=DASHBOARD","service":"sui-analytics-backend","timestamp":"2025-09-06 19:59:03"}
{"ip":"::1","level":"info","message":"GET /api/analytics/health","service":"sui-analytics-backend","timestamp":"2025-09-06 19:59:03"}
{"ip":"::1","level":"info","message":"GET /api/analytics/avg-blob-size?period=INVALID","service":"sui-analytics-backend","timestamp":"2025-09-06 19:59:03"}
{"ip":"::1","level":"info","message":"GET /api/analytics/accounts-count?size=WRONG","service":"sui-analytics-backend","timestamp":"2025-09-06 19:59:03"}
{"ip":"::1","level":"info","message":"GET /api/analytics/blobs-count?widgetPage=INVALID","service":"sui-analytics-backend","timestamp":"2025-09-06 19:59:03"}
{"level":"info","message":"🛑 SIGINT received, shutting down gracefully","service":"sui-analytics-backend","timestamp":"2025-09-06 20:36:03","type":"shutdown"}
{"environment":"development","level":"info","message":"🚀 Sui Analytics Backend Server started","port":"3001","service":"sui-analytics-backend","timestamp":"2025-09-06 20:43:33","type":"startup"}
{"ip":"::1","level":"info","message":"GET /health","service":"sui-analytics-backend","timestamp":"2025-09-06 21:16:11","userAgent":"PostmanRuntime/7.44.0"}
{"ip":"::1","level":"info","message":"GET /api/analytics","service":"sui-analytics-backend","timestamp":"2025-09-06 21:17:02","userAgent":"PostmanRuntime/7.44.0"}
{"ip":"::1","level":"info","message":"GET /api/analytics/avg-blob-size","service":"sui-analytics-backend","timestamp":"2025-09-06 21:17:38","userAgent":"PostmanRuntime/7.44.0"}
{"ip":"::1","level":"info","message":"GET /api/analytics/avg-blob-size?period=24H&size=SMALL&widgetPage=HOME","service":"sui-analytics-backend","timestamp":"2025-09-06 21:19:44","userAgent":"PostmanRuntime/7.44.0"}
{"ip":"::1","level":"info","message":"GET /api/analytics/avg-blob-size","service":"sui-analytics-backend","timestamp":"2025-09-06 21:21:53","userAgent":"PostmanRuntime/7.44.0"}
{"ip":"::1","level":"info","message":"GET /api/analytics/avg-blob-size","service":"sui-analytics-backend","timestamp":"2025-09-06 21:26:03","userAgent":"PostmanRuntime/7.44.0"}
{"ip":"::1","level":"info","message":"GET /api/analytics/avg-blob-size?period=24H&size=SMALL&widgetPage=HOME","service":"sui-analytics-backend","timestamp":"2025-09-06 21:27:16","userAgent":"Mozilla/5.0 (Windows NT 10.0; Win64; x64) AppleWebKit/537.36 (KHTML, like Gecko) Chrome/139.0.0.0 Safari/537.36"}
{"ip":"::1","level":"info","message":"GET /favicon.ico","service":"sui-analytics-backend","timestamp":"2025-09-06 21:27:20","userAgent":"Mozilla/5.0 (Windows NT 10.0; Win64; x64) AppleWebKit/537.36 (KHTML, like Gecko) Chrome/139.0.0.0 Safari/537.36"}
{"ip":"::1","level":"warn","message":"404 - Route not found: GET /favicon.ico","service":"sui-analytics-backend","timestamp":"2025-09-06 21:27:20","userAgent":"Mozilla/5.0 (Windows NT 10.0; Win64; x64) AppleWebKit/537.36 (KHTML, like Gecko) Chrome/139.0.0.0 Safari/537.36"}
{"ip":"::1","level":"info","message":"GET /api/analytics/avg-blob-size?period=24H&size=SMALL&widgetPage=HOME","service":"sui-analytics-backend","timestamp":"2025-09-06 21:28:02","userAgent":"PostmanRuntime/7.44.0"}
{"ip":"::1","level":"info","message":"GET /api/analytics/accounts-count","service":"sui-analytics-backend","timestamp":"2025-09-06 21:31:06","userAgent":"PostmanRuntime/7.44.0"}
{"ip":"::1","level":"info","message":"GET /health","service":"sui-analytics-backend","timestamp":"2025-09-06 21:31:24","userAgent":"PostmanRuntime/7.44.0"}
{"ip":"::1","level":"info","message":"GET /api/analytics/health","service":"sui-analytics-backend","timestamp":"2025-09-06 21:31:57","userAgent":"PostmanRuntime/7.44.0"}
{"level":"info","message":"🛑 SIGINT received, shutting down gracefully","service":"sui-analytics-backend","timestamp":"2025-09-06 21:54:08","type":"shutdown"}
{"environment":"development","level":"info","message":"🚀 Sui Analytics Backend Server started","port":"3001","service":"sui-analytics-backend","timestamp":"2025-09-06 22:02:24","type":"startup"}
{"ip":"::1","level":"info","message":"GET /api/analytics/avg-blob-size","service":"sui-analytics-backend","timestamp":"2025-09-06 22:10:13","userAgent":"Mozilla/5.0 (Windows NT 10.0; Win64; x64) AppleWebKit/537.36 (KHTML, like Gecko) Chrome/139.0.0.0 Safari/537.36"}
{"ip":"::1","level":"info","message":"GET /api/analytics/avg-blob-size","service":"sui-analytics-backend","timestamp":"2025-09-06 22:10:15","userAgent":"Mozilla/5.0 (Windows NT 10.0; Win64; x64) AppleWebKit/537.36 (KHTML, like Gecko) Chrome/139.0.0.0 Safari/537.36"}
{"ip":"::1","level":"info","message":"GET /api/analytics/avg-blob-size","service":"sui-analytics-backend","timestamp":"2025-09-06 22:10:15","userAgent":"Mozilla/5.0 (Windows NT 10.0; Win64; x64) AppleWebKit/537.36 (KHTML, like Gecko) Chrome/139.0.0.0 Safari/537.36"}
{"environment":"development","level":"info","message":"🚀 Sui Analytics Backend Server started","port":"3001","service":"sui-analytics-backend","timestamp":"2025-09-06 23:32:35","type":"startup"}
{"ip":"::1","level":"info","message":"GET /favicon.ico","service":"sui-analytics-backend","timestamp":"2025-09-06 23:46:29","userAgent":"Mozilla/5.0 (Windows NT 10.0; Win64; x64) AppleWebKit/537.36 (KHTML, like Gecko) Chrome/139.0.0.0 Safari/537.36"}
{"ip":"::1","level":"warn","message":"404 - Route not found: GET /favicon.ico","service":"sui-analytics-backend","timestamp":"2025-09-06 23:46:29","userAgent":"Mozilla/5.0 (Windows NT 10.0; Win64; x64) AppleWebKit/537.36 (KHTML, like Gecko) Chrome/139.0.0.0 Safari/537.36"}
{"level":"info","message":"🛑 SIGINT received, shutting down gracefully","service":"sui-analytics-backend","timestamp":"2025-09-06 23:54:47","type":"shutdown"}
{"environment":"development","level":"info","message":"🚀 Sui Analytics Backend Server started","port":"3001","service":"sui-analytics-backend","timestamp":"2025-09-06 23:55:02","type":"startup"}
{"ip":"::1","level":"info","message":"GET /health","service":"sui-analytics-backend","timestamp":"2025-09-07 00:00:55","userAgent":"PostmanRuntime/7.45.0"}
{"ip":"::1","level":"info","message":"GET /api/analytics/avg-blob-size","service":"sui-analytics-backend","timestamp":"2025-09-07 00:03:57","userAgent":"PostmanRuntime/7.45.0"}
{"level":"info","message":"🛑 SIGINT received, shutting down gracefully","service":"sui-analytics-backend","timestamp":"2025-09-07 00:09:24","type":"shutdown"}
{"environment":"development","level":"info","message":"🚀 Sui Analytics Backend Server started","port":"3001","service":"sui-analytics-backend","timestamp":"2025-09-07 00:09:34","type":"startup"}
{"ip":"::1","level":"info","message":"GET /api/analytics/avg-blob-size","service":"sui-analytics-backend","timestamp":"2025-09-07 00:09:43","userAgent":"PostmanRuntime/7.45.0"}
{"ip":"::1","level":"info","message":"GET /api/analytics/avg-blob-size","service":"sui-analytics-backend","timestamp":"2025-09-07 00:10:02","userAgent":"PostmanRuntime/7.45.0"}
{"ip":"::1","level":"info","message":"GET /api/analytics/avg-blob-size","service":"sui-analytics-backend","timestamp":"2025-09-07 00:10:18","userAgent":"PostmanRuntime/7.45.0"}
{"level":"info","message":"🛑 SIGINT received, shutting down gracefully","service":"sui-analytics-backend","timestamp":"2025-09-07 00:19:18","type":"shutdown"}
{"environment":"development","level":"info","message":"🚀 Sui Analytics Backend Server started","port":"3001","service":"sui-analytics-backend","timestamp":"2025-09-07 00:24:14","type":"startup"}
{"environment":"development","level":"info","message":"🚀 Sui Analytics Backend Server started","port":"3001","service":"sui-analytics-backend","timestamp":"2025-09-07 00:24:56","type":"startup"}
{"environment":"development","level":"info","message":"🚀 Sui Analytics Backend Server started","port":"3001","service":"sui-analytics-backend","timestamp":"2025-09-07 00:25:19","type":"startup"}
{"ip":"::1","level":"info","message":"GET /api/analytics/avg-blob-size","service":"sui-analytics-backend","timestamp":"2025-09-07 00:25:42","userAgent":"PostmanRuntime/7.45.0"}
{"environment":"development","level":"info","message":"🚀 Sui Analytics Backend Server started","port":"3001","service":"sui-analytics-backend","timestamp":"2025-09-07 00:42:27","type":"startup"}
{"environment":"development","level":"info","message":"🚀 Sui Analytics Backend Server started","port":"3001","service":"sui-analytics-backend","timestamp":"2025-09-07 00:54:34","type":"startup"}
{"environment":"development","level":"info","message":"🚀 Sui Analytics Backend Server started","port":"3001","service":"sui-analytics-backend","timestamp":"2025-09-07 00:54:44","type":"startup"}
{"environment":"development","level":"info","message":"🚀 Sui Analytics Backend Server started","port":"3001","service":"sui-analytics-backend","timestamp":"2025-09-07 00:54:49","type":"startup"}
{"ip":"::1","level":"info","message":"GET /api/analytics/avg-blob-size","service":"sui-analytics-backend","timestamp":"2025-09-07 01:08:04","userAgent":"PostmanRuntime/7.45.0"}
{"ip":"::1","level":"info","message":"GET /api/analytics/accounts-count","service":"sui-analytics-backend","timestamp":"2025-09-07 01:12:32","userAgent":"PostmanRuntime/7.45.0"}
{"ip":"::1","level":"info","message":"GET /api/analytics/blobs-count","service":"sui-analytics-backend","timestamp":"2025-09-07 01:13:01","userAgent":"PostmanRuntime/7.45.0"}
{"environment":"development","level":"info","message":"🚀 Sui Analytics Backend Server started","port":"3001","service":"sui-analytics-backend","timestamp":"2025-09-07 01:28:18","type":"startup"}
{"environment":"development","level":"info","message":"🚀 Sui Analytics Backend Server started","port":"3001","service":"sui-analytics-backend","timestamp":"2025-09-07 01:28:27","type":"startup"}
{"environment":"development","level":"info","message":"🚀 Sui Analytics Backend Server started","port":"3001","service":"sui-analytics-backend","timestamp":"2025-09-07 01:28:35","type":"startup"}
{"environment":"development","level":"info","message":"🚀 Sui Analytics Backend Server started","port":"3001","service":"sui-analytics-backend","timestamp":"2025-09-07 01:28:40","type":"startup"}
{"environment":"development","level":"info","message":"🚀 Sui Analytics Backend Server started","port":"3001","service":"sui-analytics-backend","timestamp":"2025-09-07 01:28:50","type":"startup"}
{"environment":"development","level":"info","message":"🚀 Sui Analytics Backend Server started","port":"3001","service":"sui-analytics-backend","timestamp":"2025-09-07 01:29:00","type":"startup"}
{"environment":"development","level":"info","message":"🚀 Sui Analytics Backend Server started","port":"3001","service":"sui-analytics-backend","timestamp":"2025-09-07 01:29:12","type":"startup"}
{"environment":"development","level":"info","message":"🚀 Sui Analytics Backend Server started","port":"3001","service":"sui-analytics-backend","timestamp":"2025-09-07 01:29:27","type":"startup"}
{"environment":"development","level":"info","message":"🚀 Sui Analytics Backend Server started","port":"3001","service":"sui-analytics-backend","timestamp":"2025-09-07 01:30:06","type":"startup"}
